2026-07-08 11:16:32,945 [INFO] Fetching data for NUTRA (ISIN: INE230G01020)...
2026-07-08 11:16:42,782 [INFO] Fetching data for VIVIDIND (ISIN: INE737C01023)...
2026-07-08 11:16:59,675 [INFO] Fetching data for WHEELS (ISIN: INE715A01015)...
2026-07-08 11:17:17,080 [INFO] Fetching data for TRIVIKRAMA (ISIN: INE641Q01019)...
2026-07-08 11:17:32,123 [INFO] Fetching data for RAJAPLM-RE (ISIN: INE296E20018)...
2026-07-08 11:17:42,500 [WARNING] No meaningful data found for Rajapalayam Mills Limited (RAJAPLM-RE)
2026-07-08 11:17:42,500 [INFO] Fetching data for TECHCON (ISIN: INE881P01013)...
2026-07-08 11:17:58,330 [INFO] Fetching data for WILLIMFI (ISIN: INE188E01017)...
2026-07-08 11:18:15,311 [INFO] Fetching data for PIIND (ISIN: INE603J01030)...
2026-07-08 11:18:32,301 [INFO] Fetching data for DHANADACO (ISIN: INE041F01015)...
2026-07-08 11:18:42,221 [WARNING] No meaningful data found for DHANADA CORPORATION LTD. (DHANADACO)
2026-07-08 11:18:42,222 [INFO] Fetching data for NAVINFLUOR (ISIN: INE048G01026)...
2026-07-08 11:18:59,937 [INFO] Fetching data for VERONICAPRO (ISIN: INE008M01044)...
2026-07-08 11:19:11,051 [WARNING] No meaningful data found for Veronica Production Limited (VERONICAPRO)
2026-07-08 11:19:11,051 [INFO] Fetching data for ABCAPITAL (ISIN: INE674K01013)...
2026-07-08 11:19:28,895 [INFO] Fetching data for RALEGRA (ISIN: INE427E01027)...
2026-07-08 11:19:52,448 [INFO] Fetching data for HCL-INSYS (ISIN: INE236A01020)...
2026-07-08 11:20:08,594 [INFO] Fetching data for SHAHISHIP (ISIN: INE825D01016)...
2026-07-08 11:20:26,357 [INFO] Fetching data for NBL (ISIN: INE0GOA01018)...
2026-07-08 11:20:39,951 [INFO] Fetching data for PILANIINVS (ISIN: INE417C01014)...
2026-07-08 11:20:57,678 [INFO] Fetching data for VARROC (ISIN: INE665L01035)...
2026-07-08 11:21:13,133 [INFO] Fetching data for JATTAINDUS (ISIN: INE722N01014)...
2026-07-08 11:21:28,810 [INFO] Fetching data for HITECHGEAR (ISIN: INE127B01011)...
2026-07-08 11:21:45,652 [INFO] Fetching data for NEL (ISIN: INE555X01017)...
2026-07-08 11:21:55,764 [INFO] Fetching data for SBL (ISIN: INE857P01021)...
2026-07-08 11:22:11,543 [INFO] Fetching data for KILBURN (ISIN: INE793E01014)...
2026-07-08 11:22:28,662 [INFO] Fetching data for ETIL (ISIN: INE937K01014)...
2026-07-08 11:22:43,204 [INFO] Fetching data for RELCAPITAL (ISIN: INE013A01015)...
2026-07-08 11:22:53,319 [WARNING] No meaningful data found for RELIANCE CAPITAL LTD. (RELCAPITAL)
2026-07-08 11:22:53,319 [INFO] Fetching data for INANISEC (ISIN: INE224C01014)...
2026-07-08 11:23:15,080 [INFO] Fetching data for OROSMITHS (ISIN: INE628B01034)...
2026-07-08 11:23:34,150 [INFO] Fetching data for ABREL (ISIN: INE055A01016)...
2026-07-08 11:23:55,131 [INFO] Fetching data for TAVERNIER (ISIN: INE355H01015)...
2026-07-08 11:24:12,882 [INFO] Fetching data for BLCISER (ISIN: INE526K01031)...
2026-07-08 11:24:21,738 [WARNING] No meaningful data found for BLUE CIRCLE SERVICES LTD. (BLCISER)
2026-07-08 11:24:21,738 [INFO] Fetching data for MODAIRY (ISIN: INE617B01011)...
2026-07-08 11:24:39,850 [INFO] Fetching data for AVASARA (ISIN: INE759D01017)...
2026-07-08 11:24:58,407 [INFO] Fetching data for DIDL (ISIN: INE642P01019)...
2026-07-08 11:25:14,006 [INFO] Fetching data for BEDMUTHA (ISIN: INE844K01012)...
2026-07-08 11:25:30,019 [INFO] Fetching data for RCCEMEN (ISIN: INE335N01015)...
2026-07-08 11:25:38,877 [WARNING] No meaningful data found for RCC CEMENTS LTD. (RCCEMEN)
2026-07-08 11:25:38,877 [INFO] Fetching data for ANJANIFIN (ISIN: INE283D01018)...
2026-07-08 11:25:56,876 [INFO] Fetching data for AMRUTANJAN (ISIN: INE098F01031)...
2026-07-08 11:26:12,450 [INFO] Fetching data for PECOS (ISIN: INE484S01010)...
2026-07-08 11:26:28,953 [INFO] Fetching data for BLUECOAST (ISIN: INE472B01011)...
2026-07-08 11:26:45,615 [INFO] Fetching data for KEL (ISIN: INE079C01012)...
2026-07-08 11:27:01,351 [INFO] Fetching data for SPSL (ISIN: INE318K01025)...
2026-07-08 11:27:19,457 [INFO] Fetching data for NIITLTD (ISIN: INE161A01038)...
2026-07-08 11:27:37,143 [INFO] Fetching data for BENGALT (ISIN: INE665D01016)...
2026-07-08 11:27:54,144 [INFO] Fetching data for SKYLMILAR (ISIN: INE178E01026)...
2026-07-08 11:28:10,432 [INFO] Fetching data for INDIAGLYCO (ISIN: INE560A01015)...
2026-07-08 11:28:29,670 [INFO] Fetching data for GOLDCOINHF (ISIN: INE634J01019)...
2026-07-08 11:28:46,683 [INFO] Fetching data for VHLTD (ISIN: INE048C01025)...
2026-07-08 11:29:03,111 [INFO] Fetching data for GENSOL (ISIN: INE06H201014)...
2026-07-08 11:29:21,171 [INFO] Fetching data for NIKKIGL (ISIN: INE526C01012)...
2026-07-08 11:29:37,953 [INFO] Fetching data for AIPCL (ISIN: INE739N01026)...
2026-07-08 11:29:49,175 [WARNING] No meaningful data found for AIPCL (AIPCL)
2026-07-08 11:29:49,423 [INFO] Process complete. Saved 43 results to data/NSE_BSE_Comprehensive_Financials.xlsx
